# JRE version: Java(TM) SE Runtime Environment (8.0_281-b09) (build 1.8.0_281-b09)
# Java VM: Java HotSpot(TM) 64-Bit Server VM (25.281-b09 mixed mode windows-amd64 compressed oops)
Heap:
 PSYoungGen      total 223744K, used 32335K [0x000000076b980000, 0x000000077a280000, 0x00000007c0000000)
  eden space 215040K, 11% used [0x000000076b980000,0x000000076d0f7010,0x0000000778b80000)
  from space 8704K, 95% used [0x0000000779a00000,0x000000077a21cd78,0x000000077a280000)
  to   space 11264K, 0% used [0x0000000778c80000,0x0000000778c80000,0x0000000779780000)
 ParOldGen       total 139264K, used 11310K [0x00000006c2c00000, 0x00000006cb400000, 0x000000076b980000)
  object space 139264K, 8% used [0x00000006c2c00000,0x00000006c370b9a8,0x00000006cb400000)
 Metaspace       used 41211K, capacity 44134K, committed 44416K, reserved 1087488K
  class space    used 5966K, capacity 6473K, committed 6528K, reserved 1048576K
GC Heap History (10 events):
Event: 2.224 GC heap before
{Heap before GC invocations=8 (full 1):
 PSYoungGen      total 115712K, used 113308K [0x000000076b980000, 0x0000000773480000, 0x00000007c0000000)
  eden space 106496K, 100% used [0x000000076b980000,0x0000000772180000,0x0000000772180000)
  from space 9216K, 73% used [0x0000000772b80000,0x00000007732273d0,0x0000000773480000)
  to   space 9728K, 0% used [0x0000000772180000,0x0000000772180000,0x0000000772b00000)
 ParOldGen       total 93184K, used 5959K [0x00000006c2c00000, 0x00000006c8700000, 0x000000076b980000)
  object space 93184K, 6% used [0x00000006c2c00000,0x00000006c31d1ee8,0x00000006c8700000)
 Metaspace       used 31179K, capacity 33222K, committed 33408K, reserved 1077248K
  class space    used 4293K, capacity 4689K, committed 4736K, reserved 1048576K
Event: 2.229 GC heap after
Heap after GC invocations=8 (full 1):
 PSYoungGen      total 116224K, used 9706K [0x000000076b980000, 0x0000000777700000, 0x00000007c0000000)
  eden space 106496K, 0% used [0x000000076b980000,0x000000076b980000,0x0000000772180000)
  from space 9728K, 99% used [0x0000000772180000,0x0000000772afabc0,0x0000000772b00000)
  to   space 11776K, 0% used [0x0000000776b80000,0x0000000776b80000,0x0000000777700000)
 ParOldGen       total 93184K, used 6738K [0x00000006c2c00000, 0x00000006c8700000, 0x000000076b980000)
  object space 93184K, 7% used [0x00000006c2c00000,0x00000006c32948e8,0x00000006c8700000)
 Metaspace       used 31179K, capacity 33222K, committed 33408K, reserved 1077248K
  class space    used 4293K, capacity 4689K, committed 4736K, reserved 1048576K
}
Event: 2.465 GC heap before
{Heap before GC invocations=9 (full 1):
 PSYoungGen      total 116224K, used 33965K [0x000000076b980000, 0x0000000777700000, 0x00000007c0000000)
  eden space 106496K, 22% used [0x000000076b980000,0x000000076d130bd8,0x0000000772180000)
  from space 9728K, 99% used [0x0000000772180000,0x0000000772afabc0,0x0000000772b00000)
  to   space 11776K, 0% used [0x0000000776b80000,0x0000000776b80000,0x0000000777700000)
 ParOldGen       total 93184K, used 6738K [0x00000006c2c00000, 0x00000006c8700000, 0x000000076b980000)
  object space 93184K, 7% used [0x00000006c2c00000,0x00000006c32948e8,0x00000006c8700000)
 Metaspace       used 33241K, capacity 35326K, committed 35496K, reserved 1079296K
  class space    used 4728K, capacity 5109K, committed 5120K, reserved 1048576K
Event: 2.468 GC heap after
Heap after GC invocations=9 (full 1):
 PSYoungGen      total 177152K, used 6340K [0x000000076b980000, 0x0000000777400000, 0x00000007c0000000)
  eden space 168448K, 0% used [0x000000076b980000,0x000000076b980000,0x0000000775e00000)
  from space 8704K, 72% used [0x0000000776b80000,0x00000007771b1360,0x0000000777400000)
  to   space 11264K, 0% used [0x0000000775e00000,0x0000000775e00000,0x0000000776900000)
 ParOldGen       total 93184K, used 6746K [0x00000006c2c00000, 0x00000006c8700000, 0x000000076b980000)
  object space 93184K, 7% used [0x00000006c2c00000,0x00000006c32968e8,0x00000006c8700000)
 Metaspace       used 33241K, capacity 35326K, committed 35496K, reserved 1079296K
  class space    used 4728K, capacity 5109K, committed 5120K, reserved 1048576K
}
Event: 2.468 GC heap before
{Heap before GC invocations=10 (full 2):
 PSYoungGen      total 177152K, used 6340K [0x000000076b980000, 0x0000000777400000, 0x00000007c0000000)
  eden space 168448K, 0% used [0x000000076b980000,0x000000076b980000,0x0000000775e00000)
  from space 8704K, 72% used [0x0000000776b80000,0x00000007771b1360,0x0000000777400000)
  to   space 11264K, 0% used [0x0000000775e00000,0x0000000775e00000,0x0000000776900000)
 ParOldGen       total 93184K, used 6746K [0x00000006c2c00000, 0x00000006c8700000, 0x000000076b980000)
  object space 93184K, 7% used [0x00000006c2c00000,0x00000006c32968e8,0x00000006c8700000)
 Metaspace       used 33241K, capacity 35326K, committed 35496K, reserved 1079296K
  class space    used 4728K, capacity 5109K, committed 5120K, reserved 1048576K
Event: 2.485 GC heap after
Heap after GC invocations=10 (full 2):
 PSYoungGen      total 177152K, used 0K [0x000000076b980000, 0x0000000777400000, 0x00000007c0000000)
  eden space 168448K, 0% used [0x000000076b980000,0x000000076b980000,0x0000000775e00000)
  from space 8704K, 0% used [0x0000000776b80000,0x0000000776b80000,0x0000000777400000)
  to   space 11264K, 0% used [0x0000000775e00000,0x0000000775e00000,0x0000000776900000)
 ParOldGen       total 139264K, used 11294K [0x00000006c2c00000, 0x00000006cb400000, 0x000000076b980000)
  object space 139264K, 8% used [0x00000006c2c00000,0x00000006c37079a8,0x00000006cb400000)
 Metaspace       used 33241K, capacity 35326K, committed 35496K, reserved 1079296K
  class space    used 4728K, capacity 5109K, committed 5120K, reserved 1048576K
}
Event: 3.263 GC heap before
{Heap before GC invocations=11 (full 2):
 PSYoungGen      total 177152K, used 168448K [0x000000076b980000, 0x0000000777400000, 0x00000007c0000000)
  eden space 168448K, 100% used [0x000000076b980000,0x0000000775e00000,0x0000000775e00000)
  from space 8704K, 0% used [0x0000000776b80000,0x0000000776b80000,0x0000000777400000)
  to   space 11264K, 0% used [0x0000000775e00000,0x0000000775e00000,0x0000000776900000)
 ParOldGen       total 139264K, used 11294K [0x00000006c2c00000, 0x00000006cb400000, 0x000000076b980000)
  object space 139264K, 8% used [0x00000006c2c00000,0x00000006c37079a8,0x00000006cb400000)
 Metaspace       used 37322K, capacity 39890K, committed 40192K, reserved 1083392K
  class space    used 5330K, capacity 5775K, committed 5888K, reserved 1048576K
Event: 3.267 GC heap after
Heap after GC invocations=11 (full 2):
 PSYoungGen      total 179712K, used 8186K [0x000000076b980000, 0x000000077a500000, 0x00000007c0000000)
  eden space 168448K, 0% used [0x000000076b980000,0x000000076b980000,0x0000000775e00000)
  from space 11264K, 72% used [0x0000000775e00000,0x00000007765feab0,0x0000000776900000)
  to   space 11264K, 0% used [0x0000000779a00000,0x0000000779a00000,0x000000077a500000)
 ParOldGen       total 139264K, used 11302K [0x00000006c2c00000, 0x00000006cb400000, 0x000000076b980000)
  object space 139264K, 8% used [0x00000006c2c00000,0x00000006c37099a8,0x00000006cb400000)
 Metaspace       used 37322K, capacity 39890K, committed 40192K, reserved 1083392K
  class space    used 5330K, capacity 5775K, committed 5888K, reserved 1048576K
}
Event: 4.086 GC heap before
{Heap before GC invocations=12 (full 2):
 PSYoungGen      total 179712K, used 176634K [0x000000076b980000, 0x000000077a500000, 0x00000007c0000000)
  eden space 168448K, 100% used [0x000000076b980000,0x0000000775e00000,0x0000000775e00000)
  from space 11264K, 72% used [0x0000000775e00000,0x00000007765feab0,0x0000000776900000)
  to   space 11264K, 0% used [0x0000000779a00000,0x0000000779a00000,0x000000077a500000)
 ParOldGen       total 139264K, used 11302K [0x00000006c2c00000, 0x00000006cb400000, 0x000000076b980000)
  object space 139264K, 8% used [0x00000006c2c00000,0x00000006c37099a8,0x00000006cb400000)
 Metaspace       used 40550K, capacity 43382K, committed 43520K, reserved 1087488K
  class space    used 5863K, capacity 6355K, committed 6400K, reserved 1048576K
Event: 4.091 GC heap after
Heap after GC invocations=12 (full 2):
 PSYoungGen      total 223744K, used 8307K [0x000000076b980000, 0x000000077a280000, 0x00000007c0000000)
  eden space 215040K, 0% used [0x000000076b980000,0x000000076b980000,0x0000000778b80000)
  from space 8704K, 95% used [0x0000000779a00000,0x000000077a21cd78,0x000000077a280000)
  to   space 11264K, 0% used [0x0000000778c80000,0x0000000778c80000,0x0000000779780000)
 ParOldGen       total 139264K, used 11310K [0x00000006c2c00000, 0x00000006cb400000, 0x000000076b980000)
  object space 139264K, 8% used [0x00000006c2c00000,0x00000006c370b9a8,0x00000006cb400000)
 Metaspace       used 40550K, capacity 43382K, committed 43520K, reserved 1087488K
  class space    used 5863K, capacity 6355K, committed 6400K, reserved 1048576K
}

