# JRE version: Java(TM) SE Runtime Environment (8.0_281-b09) (build 1.8.0_281-b09)
# Java VM: Java HotSpot(TM) 64-Bit Server VM (25.281-b09 mixed mode windows-amd64 compressed oops)
Heap:
 PSYoungGen      total 212480K, used 51531K [0x000000076b980000, 0x0000000779700000, 0x00000007c0000000)
  eden space 203776K, 21% used [0x000000076b980000,0x000000076e3b4900,0x0000000778080000)
  from space 8704K, 95% used [0x0000000778e80000,0x000000077969e360,0x0000000779700000)
  to   space 11264K, 0% used [0x0000000778100000,0x0000000778100000,0x0000000778c00000)
 ParOldGen       total 145920K, used 11513K [0x00000006c2c00000, 0x00000006cba80000, 0x000000076b980000)
  object space 145920K, 7% used [0x00000006c2c00000,0x00000006c373e7d0,0x00000006cba80000)
 Metaspace       used 41254K, capacity 44180K, committed 44416K, reserved 1087488K
  class space    used 5974K, capacity 6470K, committed 6528K, reserved 1048576K
GC Heap History (10 events):
Event: 2.281 GC heap before
{Heap before GC invocations=8 (full 1):
 PSYoungGen      total 113664K, used 111183K [0x000000076b980000, 0x0000000773280000, 0x00000007c0000000)
  eden space 104448K, 100% used [0x000000076b980000,0x0000000771f80000,0x0000000771f80000)
  from space 9216K, 73% used [0x0000000772980000,0x0000000773013f48,0x0000000773280000)
  to   space 9728K, 0% used [0x0000000771f80000,0x0000000771f80000,0x0000000772900000)
 ParOldGen       total 95744K, used 6042K [0x00000006c2c00000, 0x00000006c8980000, 0x000000076b980000)
  object space 95744K, 6% used [0x00000006c2c00000,0x00000006c31e68d8,0x00000006c8980000)
 Metaspace       used 31008K, capacity 33044K, committed 33152K, reserved 1077248K
  class space    used 4258K, capacity 4654K, committed 4736K, reserved 1048576K
Event: 2.285 GC heap after
Heap after GC invocations=8 (full 1):
 PSYoungGen      total 114176K, used 9726K [0x000000076b980000, 0x0000000776f00000, 0x00000007c0000000)
  eden space 104448K, 0% used [0x000000076b980000,0x000000076b980000,0x0000000771f80000)
  from space 9728K, 99% used [0x0000000771f80000,0x00000007728ffb50,0x0000000772900000)
  to   space 11264K, 0% used [0x0000000776400000,0x0000000776400000,0x0000000776f00000)
 ParOldGen       total 95744K, used 6559K [0x00000006c2c00000, 0x00000006c8980000, 0x000000076b980000)
  object space 95744K, 6% used [0x00000006c2c00000,0x00000006c3267d50,0x00000006c8980000)
 Metaspace       used 31008K, capacity 33044K, committed 33152K, reserved 1077248K
  class space    used 4258K, capacity 4654K, committed 4736K, reserved 1048576K
}
Event: 2.537 GC heap before
{Heap before GC invocations=9 (full 1):
 PSYoungGen      total 114176K, used 36037K [0x000000076b980000, 0x0000000776f00000, 0x00000007c0000000)
  eden space 104448K, 25% used [0x000000076b980000,0x000000076d3319a8,0x0000000771f80000)
  from space 9728K, 99% used [0x0000000771f80000,0x00000007728ffb50,0x0000000772900000)
  to   space 11264K, 0% used [0x0000000776400000,0x0000000776400000,0x0000000776f00000)
 ParOldGen       total 95744K, used 6559K [0x00000006c2c00000, 0x00000006c8980000, 0x000000076b980000)
  object space 95744K, 6% used [0x00000006c2c00000,0x00000006c3267d50,0x00000006c8980000)
 Metaspace       used 33207K, capacity 35302K, committed 35496K, reserved 1079296K
  class space    used 4721K, capacity 5105K, committed 5120K, reserved 1048576K
Event: 2.540 GC heap after
Heap after GC invocations=9 (full 1):
 PSYoungGen      total 170496K, used 6416K [0x000000076b980000, 0x0000000776c80000, 0x00000007c0000000)
  eden space 161792K, 0% used [0x000000076b980000,0x000000076b980000,0x0000000775780000)
  from space 8704K, 73% used [0x0000000776400000,0x0000000776a441f0,0x0000000776c80000)
  to   space 10752K, 0% used [0x0000000775780000,0x0000000775780000,0x0000000776200000)
 ParOldGen       total 95744K, used 6567K [0x00000006c2c00000, 0x00000006c8980000, 0x000000076b980000)
  object space 95744K, 6% used [0x00000006c2c00000,0x00000006c3269d50,0x00000006c8980000)
 Metaspace       used 33207K, capacity 35302K, committed 35496K, reserved 1079296K
  class space    used 4721K, capacity 5105K, committed 5120K, reserved 1048576K
}
Event: 2.540 GC heap before
{Heap before GC invocations=10 (full 2):
 PSYoungGen      total 170496K, used 6416K [0x000000076b980000, 0x0000000776c80000, 0x00000007c0000000)
  eden space 161792K, 0% used [0x000000076b980000,0x000000076b980000,0x0000000775780000)
  from space 8704K, 73% used [0x0000000776400000,0x0000000776a441f0,0x0000000776c80000)
  to   space 10752K, 0% used [0x0000000775780000,0x0000000775780000,0x0000000776200000)
 ParOldGen       total 95744K, used 6567K [0x00000006c2c00000, 0x00000006c8980000, 0x000000076b980000)
  object space 95744K, 6% used [0x00000006c2c00000,0x00000006c3269d50,0x00000006c8980000)
 Metaspace       used 33207K, capacity 35302K, committed 35496K, reserved 1079296K
  class space    used 4721K, capacity 5105K, committed 5120K, reserved 1048576K
Event: 2.558 GC heap after
Heap after GC invocations=10 (full 2):
 PSYoungGen      total 170496K, used 0K [0x000000076b980000, 0x0000000776c80000, 0x00000007c0000000)
  eden space 161792K, 0% used [0x000000076b980000,0x000000076b980000,0x0000000775780000)
  from space 8704K, 0% used [0x0000000776400000,0x0000000776400000,0x0000000776c80000)
  to   space 10752K, 0% used [0x0000000775780000,0x0000000775780000,0x0000000776200000)
 ParOldGen       total 145920K, used 11497K [0x00000006c2c00000, 0x00000006cba80000, 0x000000076b980000)
  object space 145920K, 7% used [0x00000006c2c00000,0x00000006c373a7d0,0x00000006cba80000)
 Metaspace       used 33207K, capacity 35302K, committed 35496K, reserved 1079296K
  class space    used 4721K, capacity 5105K, committed 5120K, reserved 1048576K
}
Event: 3.305 GC heap before
{Heap before GC invocations=11 (full 2):
 PSYoungGen      total 170496K, used 161792K [0x000000076b980000, 0x0000000776c80000, 0x00000007c0000000)
  eden space 161792K, 100% used [0x000000076b980000,0x0000000775780000,0x0000000775780000)
  from space 8704K, 0% used [0x0000000776400000,0x0000000776400000,0x0000000776c80000)
  to   space 10752K, 0% used [0x0000000775780000,0x0000000775780000,0x0000000776200000)
 ParOldGen       total 145920K, used 11497K [0x00000006c2c00000, 0x00000006cba80000, 0x000000076b980000)
  object space 145920K, 7% used [0x00000006c2c00000,0x00000006c373a7d0,0x00000006cba80000)
 Metaspace       used 37225K, capacity 39740K, committed 39936K, reserved 1083392K
  class space    used 5322K, capacity 5770K, committed 5888K, reserved 1048576K
Event: 3.309 GC heap after
Heap after GC invocations=11 (full 2):
 PSYoungGen      total 172544K, used 7990K [0x000000076b980000, 0x0000000779980000, 0x00000007c0000000)
  eden space 161792K, 0% used [0x000000076b980000,0x000000076b980000,0x0000000775780000)
  from space 10752K, 74% used [0x0000000775780000,0x0000000775f4da08,0x0000000776200000)
  to   space 11264K, 0% used [0x0000000778e80000,0x0000000778e80000,0x0000000779980000)
 ParOldGen       total 145920K, used 11505K [0x00000006c2c00000, 0x00000006cba80000, 0x000000076b980000)
  object space 145920K, 7% used [0x00000006c2c00000,0x00000006c373c7d0,0x00000006cba80000)
 Metaspace       used 37225K, capacity 39740K, committed 39936K, reserved 1083392K
  class space    used 5322K, capacity 5770K, committed 5888K, reserved 1048576K
}
Event: 4.161 GC heap before
{Heap before GC invocations=12 (full 2):
 PSYoungGen      total 172544K, used 169782K [0x000000076b980000, 0x0000000779980000, 0x00000007c0000000)
  eden space 161792K, 100% used [0x000000076b980000,0x0000000775780000,0x0000000775780000)
  from space 10752K, 74% used [0x0000000775780000,0x0000000775f4da08,0x0000000776200000)
  to   space 11264K, 0% used [0x0000000778e80000,0x0000000778e80000,0x0000000779980000)
 ParOldGen       total 145920K, used 11505K [0x00000006c2c00000, 0x00000006cba80000, 0x000000076b980000)
  object space 145920K, 7% used [0x00000006c2c00000,0x00000006c373c7d0,0x00000006cba80000)
 Metaspace       used 40594K, capacity 43428K, committed 43520K, reserved 1087488K
  class space    used 5872K, capacity 6352K, committed 6400K, reserved 1048576K
Event: 4.166 GC heap after
Heap after GC invocations=12 (full 2):
 PSYoungGen      total 212480K, used 8312K [0x000000076b980000, 0x0000000779700000, 0x00000007c0000000)
  eden space 203776K, 0% used [0x000000076b980000,0x000000076b980000,0x0000000778080000)
  from space 8704K, 95% used [0x0000000778e80000,0x000000077969e360,0x0000000779700000)
  to   space 11264K, 0% used [0x0000000778100000,0x0000000778100000,0x0000000778c00000)
 ParOldGen       total 145920K, used 11513K [0x00000006c2c00000, 0x00000006cba80000, 0x000000076b980000)
  object space 145920K, 7% used [0x00000006c2c00000,0x00000006c373e7d0,0x00000006cba80000)
 Metaspace       used 40594K, capacity 43428K, committed 43520K, reserved 1087488K
  class space    used 5872K, capacity 6352K, committed 6400K, reserved 1048576K
}

