# JRE version: Java(TM) SE Runtime Environment (8.0_281-b09) (build 1.8.0_281-b09)
# Java VM: Java HotSpot(TM) 64-Bit Server VM (25.281-b09 mixed mode windows-amd64 compressed oops)
Heap:
 PSYoungGen      total 218624K, used 38599K [0x000000076b980000, 0x0000000779d80000, 0x00000007c0000000)
  eden space 209920K, 14% used [0x000000076b980000,0x000000076d725aa8,0x0000000778680000)
  from space 8704K, 94% used [0x0000000779500000,0x0000000779d0c348,0x0000000779d80000)
  to   space 11264K, 0% used [0x0000000778780000,0x0000000778780000,0x0000000779280000)
 ParOldGen       total 142848K, used 11263K [0x00000006c2c00000, 0x00000006cb780000, 0x000000076b980000)
  object space 142848K, 7% used [0x00000006c2c00000,0x00000006c36ffc70,0x00000006cb780000)
 Metaspace       used 41212K, capacity 44134K, committed 44416K, reserved 1087488K
  class space    used 5967K, capacity 6473K, committed 6528K, reserved 1048576K
GC Heap History (10 events):
Event: 2.306 GC heap before
{Heap before GC invocations=8 (full 1):
 PSYoungGen      total 114688K, used 112223K [0x000000076b980000, 0x0000000773380000, 0x00000007c0000000)
  eden space 105472K, 100% used [0x000000076b980000,0x0000000772080000,0x0000000772080000)
  from space 9216K, 73% used [0x0000000772a80000,0x0000000773117e98,0x0000000773380000)
  to   space 9728K, 0% used [0x0000000772080000,0x0000000772080000,0x0000000772a00000)
 ParOldGen       total 94720K, used 5964K [0x00000006c2c00000, 0x00000006c8880000, 0x000000076b980000)
  object space 94720K, 6% used [0x00000006c2c00000,0x00000006c31d3170,0x00000006c8880000)
 Metaspace       used 31208K, capacity 33318K, committed 33408K, reserved 1077248K
  class space    used 4303K, capacity 4721K, committed 4736K, reserved 1048576K
Event: 2.310 GC heap after
Heap after GC invocations=8 (full 1):
 PSYoungGen      total 115200K, used 9712K [0x000000076b980000, 0x0000000777380000, 0x00000007c0000000)
  eden space 105472K, 0% used [0x000000076b980000,0x000000076b980000,0x0000000772080000)
  from space 9728K, 99% used [0x0000000772080000,0x00000007729fc020,0x0000000772a00000)
  to   space 11776K, 0% used [0x0000000776800000,0x0000000776800000,0x0000000777380000)
 ParOldGen       total 94720K, used 6847K [0x00000006c2c00000, 0x00000006c8880000, 0x000000076b980000)
  object space 94720K, 7% used [0x00000006c2c00000,0x00000006c32afd20,0x00000006c8880000)
 Metaspace       used 31208K, capacity 33318K, committed 33408K, reserved 1077248K
  class space    used 4303K, capacity 4721K, committed 4736K, reserved 1048576K
}
Event: 2.547 GC heap before
{Heap before GC invocations=9 (full 1):
 PSYoungGen      total 115200K, used 32541K [0x000000076b980000, 0x0000000777380000, 0x00000007c0000000)
  eden space 105472K, 21% used [0x000000076b980000,0x000000076cfcb5c8,0x0000000772080000)
  from space 9728K, 99% used [0x0000000772080000,0x00000007729fc020,0x0000000772a00000)
  to   space 11776K, 0% used [0x0000000776800000,0x0000000776800000,0x0000000777380000)
 ParOldGen       total 94720K, used 6847K [0x00000006c2c00000, 0x00000006c8880000, 0x000000076b980000)
  object space 94720K, 7% used [0x00000006c2c00000,0x00000006c32afd20,0x00000006c8880000)
 Metaspace       used 33239K, capacity 35326K, committed 35496K, reserved 1079296K
  class space    used 4729K, capacity 5109K, committed 5120K, reserved 1048576K
Event: 2.550 GC heap after
Heap after GC invocations=9 (full 1):
 PSYoungGen      total 175616K, used 6212K [0x000000076b980000, 0x0000000777180000, 0x00000007c0000000)
  eden space 165888K, 0% used [0x000000076b980000,0x000000076b980000,0x0000000775b80000)
  from space 9728K, 63% used [0x0000000776800000,0x0000000776e11010,0x0000000777180000)
  to   space 11264K, 0% used [0x0000000775b80000,0x0000000775b80000,0x0000000776680000)
 ParOldGen       total 94720K, used 6855K [0x00000006c2c00000, 0x00000006c8880000, 0x000000076b980000)
  object space 94720K, 7% used [0x00000006c2c00000,0x00000006c32b1d20,0x00000006c8880000)
 Metaspace       used 33239K, capacity 35326K, committed 35496K, reserved 1079296K
  class space    used 4729K, capacity 5109K, committed 5120K, reserved 1048576K
}
Event: 2.550 GC heap before
{Heap before GC invocations=10 (full 2):
 PSYoungGen      total 175616K, used 6212K [0x000000076b980000, 0x0000000777180000, 0x00000007c0000000)
  eden space 165888K, 0% used [0x000000076b980000,0x000000076b980000,0x0000000775b80000)
  from space 9728K, 63% used [0x0000000776800000,0x0000000776e11010,0x0000000777180000)
  to   space 11264K, 0% used [0x0000000775b80000,0x0000000775b80000,0x0000000776680000)
 ParOldGen       total 94720K, used 6855K [0x00000006c2c00000, 0x00000006c8880000, 0x000000076b980000)
  object space 94720K, 7% used [0x00000006c2c00000,0x00000006c32b1d20,0x00000006c8880000)
 Metaspace       used 33239K, capacity 35326K, committed 35496K, reserved 1079296K
  class space    used 4729K, capacity 5109K, committed 5120K, reserved 1048576K
Event: 2.568 GC heap after
Heap after GC invocations=10 (full 2):
 PSYoungGen      total 175616K, used 0K [0x000000076b980000, 0x0000000777180000, 0x00000007c0000000)
  eden space 165888K, 0% used [0x000000076b980000,0x000000076b980000,0x0000000775b80000)
  from space 9728K, 0% used [0x0000000776800000,0x0000000776800000,0x0000000777180000)
  to   space 11264K, 0% used [0x0000000775b80000,0x0000000775b80000,0x0000000776680000)
 ParOldGen       total 142848K, used 11247K [0x00000006c2c00000, 0x00000006cb780000, 0x000000076b980000)
  object space 142848K, 7% used [0x00000006c2c00000,0x00000006c36fbc70,0x00000006cb780000)
 Metaspace       used 33239K, capacity 35326K, committed 35496K, reserved 1079296K
  class space    used 4729K, capacity 5109K, committed 5120K, reserved 1048576K
}
Event: 3.329 GC heap before
{Heap before GC invocations=11 (full 2):
 PSYoungGen      total 175616K, used 165888K [0x000000076b980000, 0x0000000777180000, 0x00000007c0000000)
  eden space 165888K, 100% used [0x000000076b980000,0x0000000775b80000,0x0000000775b80000)
  from space 9728K, 0% used [0x0000000776800000,0x0000000776800000,0x0000000777180000)
  to   space 11264K, 0% used [0x0000000775b80000,0x0000000775b80000,0x0000000776680000)
 ParOldGen       total 142848K, used 11247K [0x00000006c2c00000, 0x00000006cb780000, 0x000000076b980000)
  object space 142848K, 7% used [0x00000006c2c00000,0x00000006c36fbc70,0x00000006cb780000)
 Metaspace       used 37266K, capacity 39822K, committed 40192K, reserved 1083392K
  class space    used 5322K, capacity 5773K, committed 5888K, reserved 1048576K
Event: 3.332 GC heap after
Heap after GC invocations=11 (full 2):
 PSYoungGen      total 177152K, used 8088K [0x000000076b980000, 0x000000077a000000, 0x00000007c0000000)
  eden space 165888K, 0% used [0x000000076b980000,0x000000076b980000,0x0000000775b80000)
  from space 11264K, 71% used [0x0000000775b80000,0x0000000776366370,0x0000000776680000)
  to   space 11264K, 0% used [0x0000000779500000,0x0000000779500000,0x000000077a000000)
 ParOldGen       total 142848K, used 11255K [0x00000006c2c00000, 0x00000006cb780000, 0x000000076b980000)
  object space 142848K, 7% used [0x00000006c2c00000,0x00000006c36fdc70,0x00000006cb780000)
 Metaspace       used 37266K, capacity 39822K, committed 40192K, reserved 1083392K
  class space    used 5322K, capacity 5773K, committed 5888K, reserved 1048576K
}
Event: 4.135 GC heap before
{Heap before GC invocations=12 (full 2):
 PSYoungGen      total 177152K, used 173976K [0x000000076b980000, 0x000000077a000000, 0x00000007c0000000)
  eden space 165888K, 100% used [0x000000076b980000,0x0000000775b80000,0x0000000775b80000)
  from space 11264K, 71% used [0x0000000775b80000,0x0000000776366370,0x0000000776680000)
  to   space 11264K, 0% used [0x0000000779500000,0x0000000779500000,0x000000077a000000)
 ParOldGen       total 142848K, used 11255K [0x00000006c2c00000, 0x00000006cb780000, 0x000000076b980000)
  object space 142848K, 7% used [0x00000006c2c00000,0x00000006c36fdc70,0x00000006cb780000)
 Metaspace       used 40555K, capacity 43382K, committed 43520K, reserved 1087488K
  class space    used 5864K, capacity 6355K, committed 6400K, reserved 1048576K
Event: 4.140 GC heap after
Heap after GC invocations=12 (full 2):
 PSYoungGen      total 218624K, used 8240K [0x000000076b980000, 0x0000000779d80000, 0x00000007c0000000)
  eden space 209920K, 0% used [0x000000076b980000,0x000000076b980000,0x0000000778680000)
  from space 8704K, 94% used [0x0000000779500000,0x0000000779d0c348,0x0000000779d80000)
  to   space 11264K, 0% used [0x0000000778780000,0x0000000778780000,0x0000000779280000)
 ParOldGen       total 142848K, used 11263K [0x00000006c2c00000, 0x00000006cb780000, 0x000000076b980000)
  object space 142848K, 7% used [0x00000006c2c00000,0x00000006c36ffc70,0x00000006cb780000)
 Metaspace       used 40555K, capacity 43382K, committed 43520K, reserved 1087488K
  class space    used 5864K, capacity 6355K, committed 6400K, reserved 1048576K
}

